This is pdfTeXk, Version 3.141592-1.40.3 (Web2C 7.5.6) (format=pdflatex 2012.8.24)  25 APR 2013 15:33
entering extended mode
 %&-line parsing enabled.
**PCACheck.tex
(./PCACheck.tex
LaTeX2e <2005/12/01>
Babel <v3.8h> and hyphenation patterns for english, usenglishmax, dumylang, noh
yphenation, arabic, basque, bulgarian, coptic, welsh, czech, slovak, german, ng
erman, danish, esperanto, spanish, catalan, galician, estonian, farsi, finnish,
 french, greek, monogreek, ancientgreek, croatian, hungarian, interlingua, ibyc
us, indonesian, icelandic, italian, latin, mongolian, dutch, norsk, polish, por
tuguese, pinyin, romanian, russian, slovenian, uppersorbian, serbian, swedish, 
turkish, ukenglish, ukrainian, loaded.
(/usr/share/texmf/tex/latex/base/article.cls
Document Class: article 2005/09/16 v1.4f Standard LaTeX document class
(/usr/share/texmf/tex/latex/base/size10.clo
File: size10.clo 2005/09/16 v1.4f Standard LaTeX file (size option)
)
\c@part=\count79
\c@section=\count80
\c@subsection=\count81
\c@subsubsection=\count82
\c@paragraph=\count83
\c@subparagraph=\count84
\c@figure=\count85
\c@table=\count86
\abovecaptionskip=\skip41
\belowcaptionskip=\skip42
\bibindent=\dimen102
)
(/usr/share/texmf/tex/latex/graphics/graphicx.sty
Package: graphicx 1999/02/16 v1.0f Enhanced LaTeX Graphics (DPC,SPQR)

(/usr/share/texmf/tex/latex/graphics/keyval.sty
Package: keyval 1999/03/16 v1.13 key=value parser (DPC)
\KV@toks@=\toks14
)
(/usr/share/texmf/tex/latex/graphics/graphics.sty
Package: graphics 2006/02/20 v1.0o Standard LaTeX Graphics (DPC,SPQR)

(/usr/share/texmf/tex/latex/graphics/trig.sty
Package: trig 1999/03/16 v1.09 sin cos tan (DPC)
)
(/usr/share/texmf/tex/latex/config/graphics.cfg
File: graphics.cfg 2007/01/18 v1.5 graphics configuration of teTeX/TeXLive
)
Package graphics Info: Driver file: pdftex.def on input line 90.

(/usr/share/texmf/tex/latex/pdftex-def/pdftex.def
File: pdftex.def 2007/01/08 v0.04d Graphics/color for pdfTeX
\Gread@gobject=\count87
))
\Gin@req@height=\dimen103
\Gin@req@width=\dimen104
)
(/usr/share/texmf/tex/latex/graphics/color.sty
Package: color 2005/11/14 v1.0j Standard LaTeX Color (DPC)

(/usr/share/texmf/tex/latex/config/color.cfg
File: color.cfg 2007/01/18 v1.5 color configuration of teTeX/TeXLive
)
Package color Info: Driver file: pdftex.def on input line 130.
)
(/usr/share/texmf/tex/latex/ltxmisc/framed.sty
Package: framed 2003/07/21 v 0.8a: framed or shaded text with page breaks
\FrameRule=\dimen105
\FrameSep=\dimen106
)
(/usr/share/texmf/tex/latex/base/alltt.sty
Package: alltt 1997/06/16 v2.0g defines alltt environment
)
(/usr/share/texmf/tex/latex/psnfss/mathpazo.sty
Package: mathpazo 2005/04/12 PSNFSS-v9.2a Palatino w/ Pazo Math (D.Puga, WaS) 
\symupright=\mathgroup4
)
(/usr/share/texmf/tex/latex/base/fontenc.sty
Package: fontenc 2005/09/27 v1.99g Standard LaTeX package

(/usr/share/texmf/tex/latex/base/t1enc.def
File: t1enc.def 2005/09/27 v1.99g Standard LaTeX file
LaTeX Font Info:    Redeclaring font encoding T1 on input line 43.
))
(/usr/share/texmf/tex/latex/geometry/geometry.sty
Package: geometry 2002/07/08 v3.2 Page Geometry
\Gm@cnth=\count88
\Gm@cntv=\count89
\c@Gm@tempcnt=\count90
\Gm@bindingoffset=\dimen107
\Gm@wd@mp=\dimen108
\Gm@odd@mp=\dimen109
\Gm@even@mp=\dimen110
\Gm@dimlist=\toks15
)
(/usr/share/texmf/tex/latex/ltxmisc/url.sty
\Urlmuskip=\muskip10
Package: url 2005/06/27  ver 3.2  Verb mode for urls, etc.
)
(/usr/share/texmf/tex/latex/hyperref/hyperref.sty
Package: hyperref 2007/02/07 v6.75r Hypertext links for LaTeX
\@linkdim=\dimen111
\Hy@linkcounter=\count91
\Hy@pagecounter=\count92

(/usr/share/texmf/tex/latex/hyperref/pd1enc.def
File: pd1enc.def 2007/02/07 v6.75r Hyperref: PDFDocEncoding definition (HO)
)
(/usr/share/texmf/tex/latex/config/hyperref.cfg
File: hyperref.cfg 2002/06/06 v1.2 hyperref configuration of TeXLive
)
(/usr/share/texmf/tex/latex/oberdiek/kvoptions.sty
Package: kvoptions 2006/08/22 v2.4 Connects package keyval with LaTeX options (
HO)
)
Package hyperref Info: Option `unicode' set `true' on input line 2238.

(/usr/share/texmf/tex/latex/hyperref/puenc.def
File: puenc.def 2007/02/07 v6.75r Hyperref: PDF Unicode definition (HO)
)
Package hyperref Info: Option `pdfusetitle' set `true' on input line 2238.
Package hyperref Info: Option `bookmarks' set `true' on input line 2238.
Package hyperref Info: Option `bookmarksnumbered' set `true' on input line 2238
.
Package hyperref Info: Option `bookmarksopen' set `true' on input line 2238.
Package hyperref Info: Option `breaklinks' set `false' on input line 2238.
Package hyperref Info: Option `colorlinks' set `false' on input line 2238.
Package hyperref Info: Hyper figures OFF on input line 2288.
Package hyperref Info: Link nesting OFF on input line 2293.
Package hyperref Info: Hyper index ON on input line 2296.
Package hyperref Info: Plain pages OFF on input line 2303.
Package hyperref Info: Backreferencing OFF on input line 2308.

Implicit mode ON; LaTeX internals redefined
Package hyperref Info: Bookmarks ON on input line 2444.
LaTeX Info: Redefining \url on input line 2599.
\Fld@menulength=\count93
\Field@Width=\dimen112
\Fld@charsize=\dimen113
\Choice@toks=\toks16
\Field@toks=\toks17
Package hyperref Info: Hyper figures OFF on input line 3102.
Package hyperref Info: Link nesting OFF on input line 3107.
Package hyperref Info: Hyper index ON on input line 3110.
Package hyperref Info: backreferencing OFF on input line 3117.
Package hyperref Info: Link coloring OFF on input line 3122.
\Hy@abspage=\count94
\c@Item=\count95
\c@Hfootnote=\count96
)
*hyperref using default driver hpdftex*
(/usr/share/texmf/tex/latex/hyperref/hpdftex.def
File: hpdftex.def 2007/02/07 v6.75r Hyperref driver for pdfTeX
\Fld@listcount=\count97
)
(/usr/share/texmf/tex/latex/breakurl/breakurl.sty
Package: breakurl 2006/08/26 v1.20 Breakable hyperref URLs

(/usr/share/texmf/tex/latex/xkeyval/xkeyval.sty
Package: xkeyval 2006/11/18 v2.5f package option processing (HA)

(/usr/share/texmf/tex/latex/xkeyval/xkeyval.tex
\XKV@toks=\toks18
\XKV@depth=\count98
File: xkeyval.tex 2006/11/18 v2.5f key=value parser (HA)
))
\burl@toks=\toks19


Package breakurl Warning: You are using breakurl while processing via pdflatex.

\burl will be just a synonym of \url.
 on input line 114.

) (/soft/general/R-2.15.0/lib64/R/share/texmf/tex/latex/upquote.sty
Package: upquote 2003/08/11 v1.1 Covington's upright-quote modification to verb
atim and verb

(/usr/share/texmf/tex/latex/base/textcomp.sty
Package: textcomp 2005/09/27 v1.99g Standard LaTeX package
Package textcomp Info: Sub-encoding information:
(textcomp)               5 = only ISO-Adobe without \textcurrency
(textcomp)               4 = 5 + \texteuro
(textcomp)               3 = 4 + \textohm
(textcomp)               2 = 3 + \textestimated + \textcurrency
(textcomp)               1 = TS1 - \textcircled - \t
(textcomp)               0 = TS1 (full)
(textcomp)             Font families with sub-encoding setting implement
(textcomp)             only a restricted character set as indicated.
(textcomp)             Family '?' is the default used for unknown fonts.
(textcomp)             See the documentation for details.
Package textcomp Info: Setting ? sub-encoding to TS1/1 on input line 71.

(/usr/share/texmf/tex/latex/base/ts1enc.def
File: ts1enc.def 2001/06/05 v3.0e (jk/car/fm) Standard LaTeX file
)
LaTeX Info: Redefining \oldstylenums on input line 266.
Package textcomp Info: Setting cmr sub-encoding to TS1/0 on input line 281.
Package textcomp Info: Setting cmss sub-encoding to TS1/0 on input line 282.
Package textcomp Info: Setting cmtt sub-encoding to TS1/0 on input line 283.
Package textcomp Info: Setting cmvtt sub-encoding to TS1/0 on input line 284.
Package textcomp Info: Setting cmbr sub-encoding to TS1/0 on input line 285.
Package textcomp Info: Setting cmtl sub-encoding to TS1/0 on input line 286.
Package textcomp Info: Setting ccr sub-encoding to TS1/0 on input line 287.
Package textcomp Info: Setting ptm sub-encoding to TS1/4 on input line 288.
Package textcomp Info: Setting pcr sub-encoding to TS1/4 on input line 289.
Package textcomp Info: Setting phv sub-encoding to TS1/4 on input line 290.
Package textcomp Info: Setting ppl sub-encoding to TS1/3 on input line 291.
Package textcomp Info: Setting pag sub-encoding to TS1/4 on input line 292.
Package textcomp Info: Setting pbk sub-encoding to TS1/4 on input line 293.
Package textcomp Info: Setting pnc sub-encoding to TS1/4 on input line 294.
Package textcomp Info: Setting pzc sub-encoding to TS1/4 on input line 295.
Package textcomp Info: Setting bch sub-encoding to TS1/4 on input line 296.
Package textcomp Info: Setting put sub-encoding to TS1/5 on input line 297.
Package textcomp Info: Setting uag sub-encoding to TS1/5 on input line 298.
Package textcomp Info: Setting ugq sub-encoding to TS1/5 on input line 299.
Package textcomp Info: Setting ul8 sub-encoding to TS1/4 on input line 300.
Package textcomp Info: Setting ul9 sub-encoding to TS1/4 on input line 301.
Package textcomp Info: Setting augie sub-encoding to TS1/5 on input line 302.
Package textcomp Info: Setting dayrom sub-encoding to TS1/3 on input line 303.
Package textcomp Info: Setting dayroms sub-encoding to TS1/3 on input line 304.

Package textcomp Info: Setting pxr sub-encoding to TS1/0 on input line 305.
Package textcomp Info: Setting pxss sub-encoding to TS1/0 on input line 306.
Package textcomp Info: Setting pxtt sub-encoding to TS1/0 on input line 307.
Package textcomp Info: Setting txr sub-encoding to TS1/0 on input line 308.
Package textcomp Info: Setting txss sub-encoding to TS1/0 on input line 309.
Package textcomp Info: Setting txtt sub-encoding to TS1/0 on input line 310.
Package textcomp Info: Setting futs sub-encoding to TS1/4 on input line 311.
Package textcomp Info: Setting futx sub-encoding to TS1/4 on input line 312.
Package textcomp Info: Setting futj sub-encoding to TS1/4 on input line 313.
Package textcomp Info: Setting hlh sub-encoding to TS1/3 on input line 314.
Package textcomp Info: Setting hls sub-encoding to TS1/3 on input line 315.
Package textcomp Info: Setting hlst sub-encoding to TS1/3 on input line 316.
Package textcomp Info: Setting hlct sub-encoding to TS1/5 on input line 317.
Package textcomp Info: Setting hlx sub-encoding to TS1/5 on input line 318.
Package textcomp Info: Setting hlce sub-encoding to TS1/5 on input line 319.
Package textcomp Info: Setting hlcn sub-encoding to TS1/5 on input line 320.
Package textcomp Info: Setting hlcw sub-encoding to TS1/5 on input line 321.
Package textcomp Info: Setting hlcf sub-encoding to TS1/5 on input line 322.
Package textcomp Info: Setting pplx sub-encoding to TS1/3 on input line 323.
Package textcomp Info: Setting pplj sub-encoding to TS1/3 on input line 324.
Package textcomp Info: Setting ptmx sub-encoding to TS1/4 on input line 325.
Package textcomp Info: Setting ptmj sub-encoding to TS1/4 on input line 326.
)) (./PCACheck.aux)
\openout1 = `PCACheck.aux'.

LaTeX Font Info:    Checking defaults for OML/cmm/m/it on input line 71.
LaTeX Font Info:    ... okay on input line 71.
LaTeX Font Info:    Checking defaults for T1/cmr/m/n on input line 71.
LaTeX Font Info:    ... okay on input line 71.
LaTeX Font Info:    Checking defaults for OT1/cmr/m/n on input line 71.
LaTeX Font Info:    ... okay on input line 71.
LaTeX Font Info:    Checking defaults for OMS/cmsy/m/n on input line 71.
LaTeX Font Info:    ... okay on input line 71.
LaTeX Font Info:    Checking defaults for OMX/cmex/m/n on input line 71.
LaTeX Font Info:    ... okay on input line 71.
LaTeX Font Info:    Checking defaults for U/cmr/m/n on input line 71.
LaTeX Font Info:    ... okay on input line 71.
LaTeX Font Info:    Checking defaults for PD1/pdf/m/n on input line 71.
LaTeX Font Info:    ... okay on input line 71.
LaTeX Font Info:    Checking defaults for PU/pdf/m/n on input line 71.
LaTeX Font Info:    ... okay on input line 71.
LaTeX Font Info:    Checking defaults for TS1/cmr/m/n on input line 71.
LaTeX Font Info:    Try loading font information for TS1+cmr on input line 71.

(/usr/share/texmf/tex/latex/base/ts1cmr.fd
File: ts1cmr.fd 1999/05/25 v2.5h Standard LaTeX font definitions
)
LaTeX Font Info:    ... okay on input line 71.
LaTeX Font Info:    Try loading font information for T1+pplx on input line 71.

(/usr/share/texmf/tex/latex/psnfss/t1pplx.fd
File: t1pplx.fd 2004/09/06 font definitions for T1/pplx.
)
\big@size=\dimen114


Package geometry Warning: The marginal notes would fall off the page.
     Add 4.86812pt and more to the right margin.

-------------------- Geometry parameters
paper: class default
landscape: --
twocolumn: --
twoside: --
asymmetric: --
h-parts: 71.13188pt, 472.03123pt, 71.13188pt
v-parts: 71.13188pt, 652.70622pt, 71.13188pt
hmarginratio: --
vmarginratio: --
lines: --
heightrounded: --
bindingoffset: 0.0pt
truedimen: --
includehead: --
includefoot: --
includemp: --
driver: pdftex
-------------------- Page layout dimensions and switches
\paperwidth  614.295pt
\paperheight 794.96999pt
\textwidth  472.03123pt
\textheight 652.70622pt
\oddsidemargin  -1.1381pt
\evensidemargin -1.1381pt
\topmargin  -38.1381pt
\headheight 12.0pt
\headsep    25.0pt
\footskip   30.0pt
\marginparwidth 65.0pt
\marginparsep   11.0pt
\columnsep  10.0pt
\skip\footins  9.0pt plus 4.0pt minus 2.0pt
\hoffset 0.0pt
\voffset 0.0pt
\mag 1000

(1in=72.27pt, 1cm=28.45pt)
-----------------------
Package hyperref Info: Link coloring OFF on input line 71.
(/usr/share/texmf/tex/latex/hyperref/nameref.sty
Package: nameref 2006/12/27 v2.28 Cross-referencing by name of section

(/usr/share/texmf/tex/latex/oberdiek/refcount.sty
Package: refcount 2006/02/20 v3.0 Data extraction from references (HO)
)
\c@section@level=\count99
)
LaTeX Info: Redefining \ref on input line 71.
LaTeX Info: Redefining \pageref on input line 71.
 (./PCACheck.out)
(./PCACheck.out)
\@outlinefile=\write3
\openout3 = `PCACheck.out'.

LaTeX Font Info:    Try loading font information for OT1+pplx on input line 79.

 (/usr/share/texmf/tex/latex/psnfss/ot1pplx.fd
File: ot1pplx.fd 2004/09/06 font definitions for OT1/pplx.
)
LaTeX Font Info:    Try loading font information for OML+zplm on input line 79.


(/usr/share/texmf/tex/latex/psnfss/omlzplm.fd
File: omlzplm.fd 2002/09/08 Fontinst v1.914 font definitions for OML/zplm.
)
LaTeX Font Info:    Try loading font information for OMS+zplm on input line 79.


(/usr/share/texmf/tex/latex/psnfss/omszplm.fd
File: omszplm.fd 2002/09/08 Fontinst v1.914 font definitions for OMS/zplm.
)
LaTeX Font Info:    Try loading font information for OMX+zplm on input line 79.


(/usr/share/texmf/tex/latex/psnfss/omxzplm.fd
File: omxzplm.fd 2002/09/08 Fontinst v1.914 font definitions for OMX/zplm.
)
LaTeX Font Info:    Try loading font information for OT1+zplm on input line 79.


(/usr/share/texmf/tex/latex/psnfss/ot1zplm.fd
File: ot1zplm.fd 2002/09/08 Fontinst v1.914 font definitions for OT1/zplm.
)
LaTeX Font Info:    Try loading font information for T1+cmtt on input line 80.

(/usr/share/texmf/tex/latex/base/t1cmtt.fd
File: t1cmtt.fd 1999/05/25 v2.5h Standard LaTeX font definitions
)
LaTeX Font Info:    Font shape `T1/pplx/bx/n' in size <14.4> not available
(Font)              Font shape `T1/pplx/b/n' tried instead on input line 85.
Package color Info: Redefining color shadecolor on input line 88.
LaTeX Font Info:    Font shape `T1/cmtt/bx/n' in size <10> not available
(Font)              Font shape `T1/cmtt/m/n' tried instead on input line 90.
Package color Info: Redefining color shadecolor on input line 105.
 [1

{/usr/share/texmf/fonts/map/pdftex/updmap/pdftex.map}]
Package color Info: Redefining color shadecolor on input line 147.
Package color Info: Redefining color shadecolor on input line 158.
Package color Info: Redefining color shadecolor on input line 172.
Package color Info: Redefining color shadecolor on input line 186.
LaTeX Font Info:    Try loading font information for TS1+cmtt on input line 193
.
 (/usr/share/texmf/tex/latex/base/ts1cmtt.fd
File: ts1cmtt.fd 1999/05/25 v2.5h Standard LaTeX font definitions
)
Overfull \hbox (21.34828pt too wide) in paragraph at lines 200--200
[][]\T1/cmtt/m/n/10 plot[](lab_PCA[, 1], lab_PCA[, 2], col = []c[]([]"orange"[]
, []"green"[])[lab_info], pch = 19, xlab = []"PC1"[],[] 
 []


Overfull \hbox (52.84059pt too wide) in paragraph at lines 203--203
[][]\T1/cmtt/m/n/10 legend[](y = 0.3, x = 0.205, pch = 19, cex = 1, col = []c[]
([]"orange"[], []"green"[]), legend = []levels[](lab_info),[] 
 []


Overfull \hbox (42.34315pt too wide) in paragraph at lines 205--205
[][]\T1/cmtt/m/n/10 legend[](y = 0.23, x = 0.205, pch = 1, cex = 1, col = []c[]
([]"blue"[], []"red"[], []"black"[]), legend = []c[]([]"input"[],[] 
 []


Overfull \hbox (0.35341pt too wide) in paragraph at lines 208--208
[][]\T1/cmtt/m/n/10 points[](lab_PCA[[]getProfileId[]([]"Input"[]), 1], lab_PCA
[[]getProfileId[]([]"Input"[]), 2], col = []"blue"[],[] 
 []


Overfull \hbox (16.09956pt too wide) in paragraph at lines 211--211
[][]\T1/cmtt/m/n/10 points[](lab_PCA[[]getProfileId[]([]"H3K4me1"[]), 1], lab_P
CA[[]getProfileId[]([]"H3K4me1"[]), 2], col = []"red"[],[] 
 []


Overfull \hbox (26.597pt too wide) in paragraph at lines 214--214
[][]\T1/cmtt/m/n/10 points[](lab_PCA[[]getProfileId[]([]"H3K4me3"[]), 1], lab_P
CA[[]getProfileId[]([]"H3K4me3"[]), 2], col = []"black"[],[] 
 []

[2] <figs/lab_effect.pdf, id=64, 505.89pt x 505.89pt>
File: figs/lab_effect.pdf Graphic file (type pdf)

<use figs/lab_effect.pdf>
Overfull \hbox (33.85751pt too wide) in paragraph at lines 224--225
[][] 
 []

[3] [4 <./figs/lab_effect.pdf>]
Package color Info: Redefining color shadecolor on input line 232.
Package color Info: Redefining color shadecolor on input line 253.

Overfull \hbox (26.597pt too wide) in paragraph at lines 292--292
[]    []\T1/cmtt/m/n/10 plot[](lab_PCA[, 1], lab_PCA[, 2], col = []c[]([]"red"[
], []"green"[])[lab_info], pch = 19, xlab = []"PC1"[],[] 
 []

[5]
LaTeX Font Info:    Font shape `T1/pplx/bx/n' in size <12> not available
(Font)              Font shape `T1/pplx/b/n' tried instead on input line 306.
Package color Info: Redefining color shadecolor on input line 309.

Overfull \hbox (21.34828pt too wide) in paragraph at lines 321--321
[]\T1/cmtt/m/n/10 rownames_diff <- []c[](2521, 2522, 6207, 6426, 8206, 8207, 87
55, 8756, 13345, 13346, 28616, 28617,[] 
 []

Package color Info: Redefining color shadecolor on input line 354.
[6]
Overfull \hbox (52.84059pt too wide) in paragraph at lines 391--391
[]\T1/cmtt/m/n/10 col_gradientAT <- []colorRampPalette[]([]c[]([]"green"[], []"
green"[], []"green"[], []"black"[], []"red"[], []"red"[], []"red"[]))(1024)[] 
 []


Overfull \hbox (199.8047pt too wide) in paragraph at lines 398--398
[]    \T1/cmtt/m/n/10 plot <- []ggplot[](data, []aes_string[](x = x, y = y)) + 
[]geom_point[]([]aes[](label = obsnames), color = col_gradientAT[pca_matSeqScor
es[,[] 
 []


Overfull \hbox (52.84059pt too wide) in paragraph at lines 402--402
[]    \T1/cmtt/m/n/10 mult <- []min[](([]max[](data[, y]) - []min[](data[, y])/
([]max[](datapc[, y]) - []min[](datapc[, y]))), ([]max[](data[,[] 
 []


Overfull \hbox (157.81496pt too wide) in paragraph at lines 405--405
[]    \T1/cmtt/m/n/10 plot <- plot + []geom_segment[](data = datapc, []aes[](x 
= 0, y = 0, xend = v1, yend = v2), arrow = []arrow[](length = []unit[](0.2,[] 
 []


Overfull \hbox (110.57649pt too wide) in paragraph at lines 418--418
[]\T1/cmtt/m/n/10 P <- p + []annotate[]([]"segment"[], x = -20, xend = -23, y =
 8, yend = 8, size = 0.5, arrow = []arrow[](length = []unit[](0.2,[] 
 []


Overfull \hbox (5.60213pt too wide) in paragraph at lines 419--419
[]    []\T1/cmtt/m/n/10 "cm"[])), color = []"orange"[]) + []annotate[]([]"text"
[], x = -18, y = 8, label = []"Ren"[], size = 3) +[] 
 []


Overfull \hbox (84.3329pt too wide) in paragraph at lines 420--420
[]    []\T1/cmtt/m/n/10 annotate[]([]"segment"[], x = -20, xend = -23, y = 7, y
end = 7, size = 0.5, arrow = []arrow[](length = []unit[](0.2,[] 
 []


Overfull \hbox (21.34828pt too wide) in paragraph at lines 421--421
[]        []\T1/cmtt/m/n/10 "cm"[])), color = []"blue"[]) + []annotate[]([]"tex
t"[], x = -18, y = 7, label = []"Snyder"[], size = 3)[] 
 []


Overfull \hbox (5.60213pt too wide) in paragraph at lines 423--423
[][]\T1/cmtt/m/n/10 legend[]([]"topleft"[], pch = 19, cex = 0.8, col = []c[]([]
"red"[], []"black"[], []"green"[]), legend = []c[]([]"High"[],[] 
 []


Underfull \vbox (badness 10000) detected at line 428
 []


Underfull \vbox (badness 10000) detected at line 428
 []

[7] <figs/AT_content.pdf, id=92, page=2, 505.89pt x 505.89pt>
File: figs/AT_content.pdf Graphic file (type pdf)

<use figs/AT_content.pdf, page 2>
Overfull \hbox (33.85751pt too wide) in paragraph at lines 435--436
[][] 
 []

[8] [9 <./figs/AT_content.pdf>]
Package color Info: Redefining color shadecolor on input line 442.
 [10] (./PCACheck.aux) )
(\end occurred when \ifcase on line 111 was incomplete)
(\end occurred when \ifx on line 111 was incomplete)
(\end occurred when \ifx on line 111 was incomplete) 
Here is how much of TeX's memory you used:
 4741 strings out of 256216
 63068 string characters out of 1917072
 117736 words of memory out of 1500000
 7941 multiletter control sequences out of 10000+200000
 25261 words of font info for 48 fonts, out of 1200000 for 2000
 645 hyphenation exceptions out of 8191
 29i,6n,36p,310b,405s stack positions out of 5000i,500n,6000p,200000b,15000s
 </users/gfilion/rlim/.texl
ive2007/texmf-var/fonts/pk/ljfour/jknappen/ec/tctt1000.600pk>{/usr/share/texmf/
fonts/enc/dvips/base/8r.enc} </users/gfilion/rlim/.texlive2007/texmf-var/fonts/
pk/ljfour/jknappen/ec/ectt1000.600pk></usr/share/texmf/fonts/type1/urw/palatino
/uplb8a.pfb></usr/share/texmf/fonts/type1/urw/palatino/uplr8a.pfb>
Output written on PCACheck.pdf (10 pages, 3700852 bytes).
PDF statistics:
 216 PDF objects out of 1000 (max. 8388607)
 22 named destinations out of 1000 (max. 131072)
 115 words of extra memory for PDF output out of 10000 (max. 10000000)

